<?xml version="1.0" encoding="UTF-8"?>
<Site BuildName="Win32-mingw32-make"
	BuildStamp="20240502-0659-Experimental"
	Name="LAPTOP-D73PCS15"
	Generator="ctest-3.29.2"
	CompilerName="C:/mingw64/bin/g++.exe"
	CompilerVersion="12.2.0"
	OSName="Windows"
	Hostname="LAPTOP-D73PCS15"
	OSRelease=" Personal"
	OSVersion=" (Build 22631)"
	OSPlatform="AMD64"
	Is64Bits="1"
	VendorString="AuthenticAMD"
	VendorID="Advanced Micro Devices"
	FamilyID="15"
	ModelID="8"
	ProcessorCacheSize="64"
	NumberOfLogicalCPU="12"
	NumberOfPhysicalCPU="6"
	TotalVirtualMemory="20813"
	TotalPhysicalMemory="15693"
	LogicalProcessorsPerPhysical="2"
	ProcessorClockFrequency="2096"
	>
	<Testing>
		<StartDateTime>May 02 09:25 Paris, Madrid (heure d[NON-UTF-8-BYTE-0x92][NON-UTF-8-BYTE-0xE9]t[NON-UTF-8-BYTE-0xE9])</StartDateTime>
		<StartTestTime>1714634716</StartTestTime>
		<TestList/>
		<EndDateTime>May 02 09:25 Paris, Madrid (heure d[NON-UTF-8-BYTE-0x92][NON-UTF-8-BYTE-0xE9]t[NON-UTF-8-BYTE-0xE9])</EndDateTime>
		<EndTestTime>1714634716</EndTestTime>
		<ElapsedMinutes>0</ElapsedMinutes>
	</Testing>
</Site>
