<?xml version="1.0" encoding="UTF-8"?>
<Site BuildName="Win32-make"
	BuildStamp="20240501-1444-Experimental"
	Name="iMac-974"
	Generator="ctest-3.29.2"
	CompilerName="C:/ProgramData/chocolatey/bin/g++.exe"
	CompilerVersion="12.2.0"
	OSName="Windows"
	Hostname="iMac-974"
	OSRelease=" Personal"
	OSVersion=" (Build 22631)"
	OSPlatform="AMD64"
	Is64Bits="1"
	VendorString="GenuineIntel"
	VendorID="Intel Corporation"
	FamilyID="6"
	ModelID="5"
	ProcessorCacheSize="-1"
	NumberOfLogicalCPU="8"
	NumberOfPhysicalCPU="4"
	TotalVirtualMemory="32430"
	TotalPhysicalMemory="16215"
	LogicalProcessorsPerPhysical="2"
	ProcessorClockFrequency="2495"
	>
	<Testing>
		<StartDateTime>May 01 16:44 Paris, Madrid (heure d[NON-UTF-8-BYTE-0x92][NON-UTF-8-BYTE-0xE9]t[NON-UTF-8-BYTE-0xE9])</StartDateTime>
		<StartTestTime>1714574692</StartTestTime>
		<TestList/>
		<EndDateTime>May 01 16:44 Paris, Madrid (heure d[NON-UTF-8-BYTE-0x92][NON-UTF-8-BYTE-0xE9]t[NON-UTF-8-BYTE-0xE9])</EndDateTime>
		<EndTestTime>1714574692</EndTestTime>
		<ElapsedMinutes>0</ElapsedMinutes>
	</Testing>
</Site>
